loading dependencies
loading dependencies

------------------------------------------------------------
Root project 'dotCMS'
------------------------------------------------------------

testRuntimeClasspath - Runtime classpath of source set 'test'.
+--- org.immutables:value:2.9.0
+--- com.dotcms.enterprise:ee:master-SNAPSHOT
+--- junit:junit:4.13.2
|    \--- org.hamcrest:hamcrest-core:1.3
+--- com.sun.mail:jakarta.mail:1.6.7
+--- com.dotcms:ant-tooling:1.3.2
+--- io.jsonwebtoken:jjwt:0.6.0
+--- com.dotcms.lib:dot.webp-imageio-core:0.1.5
+--- org.scijava:native-lib-loader:2.3.2
|    \--- org.slf4j:slf4j-api:1.7.25 -> 1.7.35
+--- org.jetbrains:annotations:16.0.1
+--- com.dotcms.lib:dot.asm:3.1_2
+--- com.dotcms.lib:dot.axiom-api:1.2.5_2
+--- com.dotcms.lib:dot.axiom-impl:1.2.5_2
+--- com.dotcms.lib:dot.bsf:ukv_2
+--- com.dotcms.lib:dot.bsh:2.0b4_3
+--- net.bytebuddy:byte-buddy:1.12.6
+--- net.bytebuddy:byte-buddy-agent:1.12.6
+--- com.dotcms.lib:dot.cactus.integration.ant:1.8.0_3
+--- com.dotcms.lib:dot.cargo-ant:0.9_2
+--- com.dotcms.lib:dot.cargo-core-uberjar:0.9_2
+--- com.dotcms.lib:dot.com.dotmarketing.jhlabs.images.filters:ukv_2
+--- com.dotcms.lib:dot.commons-cli:1.2_2
+--- com.dotcms.lib:dot.commons-dbcp:1.3_2
+--- com.dotcms.lib:dot.commons-fileupload:1.3.3_1
+--- commons-fileupload:commons-fileupload:1.3.3
|    \--- commons-io:commons-io:2.2 -> 2.6
+--- com.dotcms.lib:dot.commons-httpclient:3.1_3
+--- com.dotcms.lib:dot.commons-jci-core:1.0.406301_2
+--- com.dotcms.lib:dot.commons-jci-eclipse:3.2.0.666_2
+--- com.dotcms.lib:dot.commons-net:3.3_2
+--- com.dotcms.lib:dot.commons-pool:1.5.4_2
+--- com.dotcms.lib:dot.compression-filter:ukv_2
+--- com.dotcms.lib:dot.concurrent:1.3.4_2
+--- com.dotcms.lib:dot.core-renderer-modified:ukv_3
+--- com.dotcms.lib:dot.cos:ukv_2
+--- com.dotcms.lib:dot.counter-ejb:ukv_2
+--- com.dotcms.lib:dot.dwr:3rc2modified_3
+--- com.lmax:disruptor:3.3.4
+--- org.apache.commons:commons-math3:3.6.1
+--- org.apache.commons:commons-numbers-gamma:1.0
|    \--- org.apache.commons:commons-numbers-fraction:1.0
|         \--- org.apache.commons:commons-numbers-core:1.0
+--- org.apache.logging.log4j:log4j-api:2.17.1
+--- org.apache.logging.log4j:log4j-core:2.17.1
|    \--- org.apache.logging.log4j:log4j-api:2.17.1
+--- org.apache.logging.log4j:log4j-1.2-api:2.17.1
|    \--- org.apache.logging.log4j:log4j-api:2.17.1
+--- org.apache.logging.log4j:log4j-jcl:2.17.1
|    +--- commons-logging:commons-logging:1.2
|    \--- org.apache.logging.log4j:log4j-api:2.17.1
+--- org.apache.logging.log4j:log4j-web:2.17.1
|    +--- org.apache.logging.log4j:log4j-api:2.17.1
|    \--- org.apache.logging.log4j:log4j-core:2.17.1 (*)
+--- org.apache.logging.log4j:log4j-slf4j-impl:2.17.1
|    +--- org.slf4j:slf4j-api:1.7.25 -> 1.7.35
|    +--- org.apache.logging.log4j:log4j-api:2.17.1
|    \--- org.apache.logging.log4j:log4j-core:2.17.1 (*)
+--- com.dotcms.lib:dot.fileupload-ext:ukv_3
+--- fop:fop:0.20.3
+--- com.dotcms.lib:dot.gif89:ukv_2
+--- com.dotcms.lib:dot.google:ukv_2
+--- com.dotcms.lib:dot.guava:11.0.1_2
+--- com.hazelcast:hazelcast-all:3.9.2
+--- com.hazelcast:hazelcast-kubernetes:1.2.2
|    \--- dnsjava:dnsjava:2.1.8
+--- com.dotcms.lib:dot.hibernate:2.1.7_3
+--- com.dotcms.lib:dot.httpbridge:ukv_2
+--- com.dotcms.lib:dot.httpclient:4.2.2_2
+--- com.dotcms.lib:dot.iText:2.1.0_2
+--- com.fasterxml.jackson.datatype:jackson-datatype-guava:2.13.2
|    +--- com.google.guava:guava:21.0 -> 27.0.1-android
|    |    +--- com.google.guava:failureaccess:1.0.1
|    |    +--- com.google.guava:listenablefuture:9999.0-empty-to-avoid-conflict-with-guava
|    |    +--- com.google.code.findbugs:jsr305:3.0.2
|    |    +--- org.checkerframework:checker-compat-qual:2.5.2
|    |    +--- com.google.errorprone:error_prone_annotations:2.2.0 -> 2.5.1
|    |    +--- com.google.j2objc:j2objc-annotations:1.1
|    |    \--- org.codehaus.mojo:animal-sniffer-annotations:1.17
|    +--- com.fasterxml.jackson.core:jackson-core:2.13.2
|    |    \--- com.fasterxml.jackson:jackson-bom:2.13.2
|    |         +--- com.fasterxml.jackson.core:jackson-annotations:2.13.2 (c)
|    |         +--- com.fasterxml.jackson.core:jackson-core:2.13.2 (c)
|    |         +--- com.fasterxml.jackson.core:jackson-databind:2.13.2 -> 2.13.2.2 (c)
|    |         +--- com.fasterxml.jackson.datatype:jackson-datatype-guava:2.13.2 (c)
|    |         +--- com.fasterxml.jackson.datatype:jackson-datatype-jdk8:2.13.2 (c)
|    |         +--- com.fasterxml.jackson.datatype:jackson-datatype-jsr310:2.13.2 (c)
|    |         +--- com.fasterxml.jackson.jaxrs:jackson-jaxrs-base:2.13.2 (c)
|    |         +--- com.fasterxml.jackson.jaxrs:jackson-jaxrs-json-provider:2.13.2 (c)
|    |         +--- com.fasterxml.jackson.module:jackson-module-parameter-names:2.13.2 (c)
|    |         +--- com.fasterxml.jackson.module:jackson-module-jaxb-annotations:2.13.2 (c)
|    |         +--- com.fasterxml.jackson.dataformat:jackson-dataformat-cbor:2.13.2 (c)
|    |         +--- com.fasterxml.jackson.dataformat:jackson-dataformat-yaml:2.13.2 (c)
|    |         \--- com.fasterxml.jackson.dataformat:jackson-dataformat-smile:2.13.2 (c)
|    +--- com.fasterxml.jackson.core:jackson-databind:2.13.2 -> 2.13.2.2
|    |    +--- com.fasterxml.jackson.core:jackson-annotations:2.13.2
|    |    |    \--- com.fasterxml.jackson:jackson-bom:2.13.2 (*)
|    |    +--- com.fasterxml.jackson.core:jackson-core:2.13.2 (*)
|    |    \--- com.fasterxml.jackson:jackson-bom:2.13.2 (*)
|    \--- com.fasterxml.jackson:jackson-bom:2.13.2 (*)
+--- com.fasterxml.jackson.datatype:jackson-datatype-jdk8:2.13.2
|    +--- com.fasterxml.jackson.core:jackson-core:2.13.2 (*)
|    +--- com.fasterxml.jackson.core:jackson-databind:2.13.2 -> 2.13.2.2 (*)
|    \--- com.fasterxml.jackson:jackson-bom:2.13.2 (*)
+--- com.fasterxml.jackson.datatype:jackson-datatype-jsr310:2.13.2
|    +--- com.fasterxml.jackson.core:jackson-annotations:2.13.2 (*)
|    +--- com.fasterxml.jackson.core:jackson-core:2.13.2 (*)
|    +--- com.fasterxml.jackson.core:jackson-databind:2.13.2 -> 2.13.2.2 (*)
|    \--- com.fasterxml.jackson:jackson-bom:2.13.2 (*)
+--- com.fasterxml.jackson.module:jackson-module-parameter-names:2.13.2
|    +--- com.fasterxml.jackson.core:jackson-core:2.13.2 (*)
|    +--- com.fasterxml.jackson.core:jackson-databind:2.13.2 -> 2.13.2.2 (*)
|    \--- com.fasterxml.jackson:jackson-bom:2.13.2 (*)
+--- com.fasterxml.jackson.jaxrs:jackson-jaxrs-base:2.11.1 -> 2.13.2
|    +--- com.fasterxml.jackson.core:jackson-core:2.13.2 (*)
|    +--- com.fasterxml.jackson.core:jackson-databind:2.13.2 -> 2.13.2.2 (*)
|    \--- com.fasterxml.jackson:jackson-bom:2.13.2 (*)
+--- com.github.jonpeterson:jackson-module-model-versioning:1.2.2
+--- com.dotcms.lib:dot.jamm:0.2.5_2
+--- com.dotcms.lib:dot.javacsv:ukv_2
+--- com.dotcms.lib:dot.jaxb-api:2.2.7_4
+--- com.dotcms.lib:dot.jaxb-core:2.2.7_4
+--- com.dotcms.lib:dot.jaxb-impl:2.2.7_4
+--- com.dotcms.lib:dot.jaxws-api:2.2.9_2
+--- com.dotcms.lib:dot.jaxws-rt:2.2.8_2
+--- com.dotcms.lib:dot.jazzy-core:ukv_2
+--- com.dotcms.lib:dot.jempbox:1.6.0_2
+--- com.dotcms.lib:dot.jep:2.4.1_2
+--- org.glassfish.jersey.core:jersey-client:2.22.1
+--- org.glassfish.jersey.core:jersey-common:2.22.1
+--- org.glassfish.jersey.containers:jersey-container-servlet-core:2.22.1
+--- org.glassfish.jersey.containers:jersey-container-servlet:2.22.1
+--- org.glassfish.jersey.bundles.repackaged:jersey-guava:2.22.1
+--- org.glassfish.jersey.media:jersey-media-jaxb:2.22.1
+--- org.glassfish.jersey.media:jersey-media-multipart:2.22.1
+--- org.glassfish.jersey.media:jersey-media-json-jackson:2.22.1
+--- org.glassfish.jersey.core:jersey-server:2.22.1
+--- org.glassfish.jersey.ext:jersey-entity-filtering:2.22.1
+--- org.glassfish.jersey.connectors:jersey-apache-connector:2.22.1
+--- org.glassfish.jersey.media:jersey-media-sse:2.22.1
+--- io.swagger.core.v3:swagger-jaxrs2:2.2.0
|    +--- com.fasterxml.jackson.core:jackson-databind:2.13.2.2 (*)
|    +--- io.github.classgraph:classgraph:4.8.138
|    +--- org.javassist:javassist:3.25.0-GA -> 3.27.0-GA
|    +--- io.swagger.core.v3:swagger-models:2.2.0
|    |    \--- com.fasterxml.jackson.core:jackson-annotations:2.13.2 (*)
|    +--- io.swagger.core.v3:swagger-annotations:2.2.0
|    +--- io.swagger.core.v3:swagger-integration:2.2.0
|    |    +--- io.github.classgraph:classgraph:4.8.138
|    |    +--- io.swagger.core.v3:swagger-core:2.2.0
|    |    |    +--- jakarta.xml.bind:jakarta.xml.bind-api:2.3.2 -> 2.3.3
|    |    |    |    \--- jakarta.activation:jakarta.activation-api:1.2.2
|    |    |    +--- org.apache.commons:commons-lang3:3.12.0
|    |    |    +--- org.slf4j:slf4j-api:1.7.35
|    |    |    +--- com.fasterxml.jackson.core:jackson-annotations:2.13.2 (*)
|    |    |    +--- com.fasterxml.jackson.core:jackson-databind:2.13.2.2 (*)
|    |    |    +--- com.fasterxml.jackson.dataformat:jackson-dataformat-yaml:2.13.2
|    |    |    |    +--- com.fasterxml.jackson.core:jackson-databind:2.13.2 -> 2.13.2.2 (*)
|    |    |    |    +--- org.yaml:snakeyaml:1.30
|    |    |    |    +--- com.fasterxml.jackson.core:jackson-core:2.13.2 (*)
|    |    |    |    \--- com.fasterxml.jackson:jackson-bom:2.13.2 (*)
|    |    |    +--- com.fasterxml.jackson.datatype:jackson-datatype-jsr310:2.13.2 (*)
|    |    |    +--- io.swagger.core.v3:swagger-annotations:2.2.0
|    |    |    +--- io.swagger.core.v3:swagger-models:2.2.0 (*)
|    |    |    \--- jakarta.validation:jakarta.validation-api:2.0.2
|    |    \--- io.swagger.core.v3:swagger-models:2.2.0 (*)
|    \--- com.fasterxml.jackson.jaxrs:jackson-jaxrs-json-provider:2.13.2
|         +--- com.fasterxml.jackson.jaxrs:jackson-jaxrs-base:2.13.2 (*)
|         +--- com.fasterxml.jackson.module:jackson-module-jaxb-annotations:2.13.2
|         |    +--- com.fasterxml.jackson.core:jackson-annotations:2.13.2 (*)
|         |    +--- com.fasterxml.jackson.core:jackson-core:2.13.2 (*)
|         |    +--- com.fasterxml.jackson.core:jackson-databind:2.13.2 -> 2.13.2.2 (*)
|         |    +--- jakarta.xml.bind:jakarta.xml.bind-api:2.3.3 (*)
|         |    +--- jakarta.activation:jakarta.activation-api:1.2.1 -> 1.2.2
|         |    \--- com.fasterxml.jackson:jackson-bom:2.13.2 (*)
|         \--- com.fasterxml.jackson:jackson-bom:2.13.2 (*)
+--- io.swagger.core.v3:swagger-jaxrs2-servlet-initializer:2.2.0
+--- com.google.guava:guava:27.0.1-android (*)
+--- com.dotcms.lib:dot.jsoup:1.6.1_2
+--- com.dotcms.lib:dot.jstl:1.0.5_2
+--- com.dotcms.lib:dot.jta:1.1_2
+--- com.dotcms.lib:dot.jxl:2.6_2
+--- com.dotcms.lib:dot.ldap:ukv_2
+--- com.dotcms.lib:dot.lesscss:1.5.1-SNAPSHOT_3
+--- com.dotcms.lib:dot.mail-ejb:ukv_2
+--- com.dotcms.lib:dot.milton-api:1.8.1.4_3
+--- com.dotcms.lib:dot.milton-servlet:1.8.1.4_3
+--- com.dotcms.lib:dot.mime-util:2.1.3_2
+--- org.jvnet:mimepull:1.6
+--- com.dotcms.lib:dot.msnm:ukv_2
+--- com.dotcms.lib:dot.myspell:ukv_2
+--- com.dotcms.lib:dot.odmg:ukv_3
+--- com.dotcms.lib:dot.org.eclipse.mylyn.wikitext.confluence.core:1.8.0.I20120918-1109_2
+--- com.dotcms.lib:dot.org.eclipse.mylyn.wikitext.core:1.8.0.I20120918-1109_2
+--- com.dotcms.lib:dot.org.eclipse.mylyn.wikitext.mediawiki.core:1.8.0.I20120918-1109_2
+--- com.dotcms.lib:dot.org.eclipse.mylyn.wikitext.textile.core:1.8.0.I20120918-1109_2
+--- com.dotcms.lib:dot.org.eclipse.mylyn.wikitext.tracwiki.core:1.8.0.I20120918-1109_2
+--- com.dotcms.lib:dot.org.eclipse.mylyn.wikitext.twiki.core:1.8.0.I20120918-1109_2
+--- com.dotcms.lib:dot.platform:ukv_2
+--- com.dotcms.lib:dot.portlet:1.0_2
+--- com.dotcms.lib:dot.quartz-all:1.8.6_2
+--- com.dotcms.lib:dot.rhino:1.7R4_2
+--- com.dotcms.lib:dot.secure-filter:ukv_2
+--- com.dotcms.lib:dot.snappy-java:1.0.4.1_2
+--- com.dotcms.lib:dot.stax2-api:3.1.1_2
+--- com.dotcms.lib:dot.Tidy:ukv_2
+--- com.dotcms.lib:dot.trove:1.0.2_2
+--- com.dotcms.lib:dot.twitter4j-core:3.0.3_2
+--- com.dotcms.lib:dot.util-taglib:ukv_2
+--- com.dotcms.lib:dot.wbmp:ukv_2
+--- com.dotcms.lib:dot.woodstox-core-lgpl:4.2.0_2
+--- com.dotcms.lib:dot.xpp3-min:1.1.4c_2
+--- com.dotcms.lib:dot.slf4j-api:1.7.12_2
+--- com.dotcms.lib:dot.slf4j-jcl:1.7.12_2
+--- org.apache.commons:commons-compress:1.15
+--- commons-digester:commons-digester:2.1
+--- commons-validator:commons-validator:1.6
+--- commons-collections:commons-collections:3.2.2
+--- io.vavr:vavr:0.10.3
|    \--- io.vavr:vavr-match:0.10.3
+--- commons-configuration:commons-configuration:1.10
+--- commons-lang:commons-lang:2.6
+--- org.apache.commons:commons-lang3:3.4 -> 3.12.0
+--- commons-beanutils:commons-beanutils:1.9.3
+--- org.jdom:jdom:1.1.3
+--- org.dom4j:dom4j:2.1.3
+--- jaxen:jaxen:1.2.0
+--- org.apache.poi:poi:3.17
+--- com.googlecode.juniversalchardet:juniversalchardet:1.0.3
+--- org.ccil.cowan.tagsoup:tagsoup:1.2.1
+--- org.codehaus.castor:castor-core:1.4.1
+--- org.codehaus.castor:castor-xml:1.4.1
+--- werken-xpath:werken-xpath:0.9.4
+--- org.jgroups:jgroups:3.6.1.Final
+--- org.tuckey:urlrewritefilter:4.0.4
+--- com.dotcms.lib:dot.struts:1.2.10_1
+--- com.dotcms.lib:dot.stxx:1.3_3
+--- oro:oro:2.0.8
+--- com.dotcms.lib:dot.sslext:1.2-0_1
+--- cglib:cglib-nodep:3.2.6
+--- com.thoughtworks.xstream:xstream:1.4.8
+--- xmlpull:xmlpull:1.1.3.1
+--- org.glassfish.hk2:hk2-locator:2.4.0
+--- org.glassfish.hk2:hk2-utils:2.4.0
+--- org.glassfish.hk2:hk2-api:2.4.0
+--- org.glassfish.hk2.external:javax.inject:2.4.0-b10
+--- org.javassist:javassist:3.22.0-GA -> 3.27.0-GA
+--- org.antlr:antlr:3.1.1
+--- net.jodah:failsafe:1.0.4 -> 1.1.1
+--- redis.clients:jedis:2.7.3
+--- io.lettuce:lettuce-core:6.1.1.RELEASE
|    +--- io.netty:netty-common:4.1.63.Final
|    +--- io.netty:netty-handler:4.1.63.Final
|    |    +--- io.netty:netty-common:4.1.63.Final
|    |    +--- io.netty:netty-resolver:4.1.63.Final
|    |    |    \--- io.netty:netty-common:4.1.63.Final
|    |    +--- io.netty:netty-buffer:4.1.63.Final
|    |    |    \--- io.netty:netty-common:4.1.63.Final
|    |    +--- io.netty:netty-transport:4.1.63.Final
|    |    |    +--- io.netty:netty-common:4.1.63.Final
|    |    |    +--- io.netty:netty-buffer:4.1.63.Final (*)
|    |    |    \--- io.netty:netty-resolver:4.1.63.Final (*)
|    |    \--- io.netty:netty-codec:4.1.63.Final
|    |         +--- io.netty:netty-common:4.1.63.Final
|    |         +--- io.netty:netty-buffer:4.1.63.Final (*)
|    |         \--- io.netty:netty-transport:4.1.63.Final (*)
|    +--- io.netty:netty-transport:4.1.63.Final (*)
|    \--- io.projectreactor:reactor-core:3.3.16.RELEASE
|         \--- org.reactivestreams:reactive-streams:1.0.3
+--- io.netty:netty-all:4.1.45.Final
+--- org.apache.commons:commons-pool2:2.9.0
+--- com.dotcms.lib:dot.maxmind-db:1.0.0_2
+--- org.openjdk.jmh:jmh-core:0.1
|    \--- args4j:args4j:2.0.16
+--- com.maxmind.geoip2:geoip2:2.1.0
|    +--- com.maxmind.db:maxmind-db:1.0.0
|    |    \--- com.fasterxml.jackson.core:jackson-databind:2.4.2 -> 2.13.2.2 (*)
|    +--- com.google.http-client:google-http-client:1.19.0
|    |    +--- com.google.code.findbugs:jsr305:1.3.9 -> 3.0.2
|    |    \--- org.apache.httpcomponents:httpclient:4.0.1 -> 4.5.10
|    |         +--- org.apache.httpcomponents:httpcore:4.4.12
|    |         +--- commons-logging:commons-logging:1.2
|    |         \--- commons-codec:commons-codec:1.11
|    \--- com.fasterxml.jackson.core:jackson-databind:2.4.3 -> 2.13.2.2 (*)
+--- com.dotcms.lib:dot.aopalliance-repackaged:2.4.0-b10_2
+--- com.dotcms.lib:dot.javax.annotation-api:1.2_2
+--- javax.annotation:javax.annotation-api:1.2
+--- javax.ws.rs:javax.ws.rs-api:2.0.1
+--- com.dotcms.lib:dot.persistence-api:1.0_2
+--- com.dotcms.lib:dot.validation-api:1.1.0.Final_2
+--- javax.validation:validation-api:1.1.0.Final
+--- com.dotcms.lib:dot.hibernate-validator:4.3.2.Final_3
+--- com.dotcms.lib:dot.jboss-logging:3.3.0.Final_2
+--- com.dotcms.lib:dot.txtmark:0.14-SNAPSHOT_1
+--- com.zaxxer:HikariCP:3.4.2
|    \--- org.slf4j:slf4j-api:1.7.25 -> 1.7.35
+--- com.dotcms.lib:dot.aws-java-sdk-core:1.11.66_2
+--- com.dotcms.lib:dot.aws-java-sdk-kms:1.11.66_2
+--- com.dotcms.lib:dot.aws-java-sdk-s3:1.11.66_2
+--- com.dotcms.lib:dot.jmespath-java:1.11.66_2
+--- com.h2database:h2:1.3.176
+--- eu.bitwalker:UserAgentUtils:1.19
+--- com.twelvemonkeys.imageio:imageio-core:3.7.0
|    +--- com.twelvemonkeys.common:common-lang:3.7.0
|    +--- com.twelvemonkeys.common:common-io:3.7.0
|    |    \--- com.twelvemonkeys.common:common-lang:3.7.0
|    \--- com.twelvemonkeys.common:common-image:3.7.0
|         +--- com.twelvemonkeys.common:common-lang:3.7.0
|         \--- com.twelvemonkeys.common:common-io:3.7.0 (*)
+--- com.twelvemonkeys.imageio:imageio-metadata:3.7.0
|    +--- com.twelvemonkeys.imageio:imageio-core:3.7.0 (*)
|    +--- com.twelvemonkeys.common:common-lang:3.7.0
|    +--- com.twelvemonkeys.common:common-io:3.7.0 (*)
|    \--- com.twelvemonkeys.common:common-image:3.7.0 (*)
+--- com.twelvemonkeys.imageio:imageio-bmp:3.7.0
|    +--- com.twelvemonkeys.imageio:imageio-core:3.7.0 (*)
|    +--- com.twelvemonkeys.common:common-lang:3.7.0
|    +--- com.twelvemonkeys.common:common-io:3.7.0 (*)
|    \--- com.twelvemonkeys.common:common-image:3.7.0 (*)
+--- com.twelvemonkeys.imageio:imageio-jpeg:3.7.0
|    +--- com.twelvemonkeys.imageio:imageio-core:3.7.0 (*)
|    +--- com.twelvemonkeys.imageio:imageio-metadata:3.7.0 (*)
|    +--- com.twelvemonkeys.common:common-lang:3.7.0
|    +--- com.twelvemonkeys.common:common-io:3.7.0 (*)
|    \--- com.twelvemonkeys.common:common-image:3.7.0 (*)
+--- com.twelvemonkeys.imageio:imageio-tiff:3.7.0
|    +--- com.twelvemonkeys.imageio:imageio-core:3.7.0 (*)
|    +--- com.twelvemonkeys.imageio:imageio-metadata:3.7.0 (*)
|    +--- com.twelvemonkeys.common:common-lang:3.7.0
|    +--- com.twelvemonkeys.common:common-io:3.7.0 (*)
|    \--- com.twelvemonkeys.common:common-image:3.7.0 (*)
+--- com.twelvemonkeys.imageio:imageio-pnm:3.7.0
|    +--- com.twelvemonkeys.imageio:imageio-core:3.7.0 (*)
|    +--- com.twelvemonkeys.common:common-lang:3.7.0
|    +--- com.twelvemonkeys.common:common-io:3.7.0 (*)
|    \--- com.twelvemonkeys.common:common-image:3.7.0 (*)
+--- com.twelvemonkeys.imageio:imageio-psd:3.7.0
|    +--- com.twelvemonkeys.imageio:imageio-core:3.7.0 (*)
|    +--- com.twelvemonkeys.imageio:imageio-metadata:3.7.0 (*)
|    +--- com.twelvemonkeys.common:common-lang:3.7.0
|    +--- com.twelvemonkeys.common:common-io:3.7.0 (*)
|    \--- com.twelvemonkeys.common:common-image:3.7.0 (*)
+--- com.twelvemonkeys.imageio:imageio-iff:3.7.0
|    +--- com.twelvemonkeys.imageio:imageio-core:3.7.0 (*)
|    +--- com.twelvemonkeys.common:common-lang:3.7.0
|    +--- com.twelvemonkeys.common:common-io:3.7.0 (*)
|    \--- com.twelvemonkeys.common:common-image:3.7.0 (*)
+--- com.twelvemonkeys.imageio:imageio-pcx:3.7.0
|    +--- com.twelvemonkeys.imageio:imageio-core:3.7.0 (*)
|    +--- com.twelvemonkeys.common:common-lang:3.7.0
|    +--- com.twelvemonkeys.common:common-io:3.7.0 (*)
|    \--- com.twelvemonkeys.common:common-image:3.7.0 (*)
+--- com.twelvemonkeys.imageio:imageio-pdf:3.7.0
|    +--- com.twelvemonkeys.imageio:imageio-core:3.7.0 (*)
|    +--- com.twelvemonkeys.common:common-lang:3.7.0
|    +--- com.twelvemonkeys.common:common-io:3.7.0 (*)
|    \--- com.twelvemonkeys.common:common-image:3.7.0 (*)
+--- com.twelvemonkeys.imageio:imageio-hdr:3.7.0
|    +--- com.twelvemonkeys.imageio:imageio-core:3.7.0 (*)
|    +--- com.twelvemonkeys.imageio:imageio-metadata:3.7.0 (*)
|    +--- com.twelvemonkeys.common:common-lang:3.7.0
|    +--- com.twelvemonkeys.common:common-io:3.7.0 (*)
|    \--- com.twelvemonkeys.common:common-image:3.7.0 (*)
+--- com.twelvemonkeys.imageio:imageio-pict:3.7.0
|    +--- com.twelvemonkeys.imageio:imageio-core:3.7.0 (*)
|    +--- com.twelvemonkeys.common:common-lang:3.7.0
|    +--- com.twelvemonkeys.common:common-io:3.7.0 (*)
|    \--- com.twelvemonkeys.common:common-image:3.7.0 (*)
+--- com.twelvemonkeys.imageio:imageio-sgi:3.7.0
|    +--- com.twelvemonkeys.imageio:imageio-core:3.7.0 (*)
|    +--- com.twelvemonkeys.common:common-lang:3.7.0
|    +--- com.twelvemonkeys.common:common-io:3.7.0 (*)
|    \--- com.twelvemonkeys.common:common-image:3.7.0 (*)
+--- com.twelvemonkeys.imageio:imageio-tga:3.7.0
|    +--- com.twelvemonkeys.imageio:imageio-core:3.7.0 (*)
|    +--- com.twelvemonkeys.common:common-lang:3.7.0
|    +--- com.twelvemonkeys.common:common-io:3.7.0 (*)
|    \--- com.twelvemonkeys.common:common-image:3.7.0 (*)
+--- com.twelvemonkeys.imageio:imageio-icns:3.7.0
|    +--- com.twelvemonkeys.imageio:imageio-core:3.7.0 (*)
|    +--- com.twelvemonkeys.common:common-lang:3.7.0
|    +--- com.twelvemonkeys.common:common-io:3.7.0 (*)
|    \--- com.twelvemonkeys.common:common-image:3.7.0 (*)
+--- com.twelvemonkeys.imageio:imageio-webp:3.7.0
|    +--- com.twelvemonkeys.imageio:imageio-core:3.7.0 (*)
|    +--- com.twelvemonkeys.imageio:imageio-metadata:3.7.0 (*)
|    +--- com.twelvemonkeys.common:common-lang:3.7.0
|    +--- com.twelvemonkeys.common:common-io:3.7.0 (*)
|    \--- com.twelvemonkeys.common:common-image:3.7.0 (*)
+--- com.twelvemonkeys.imageio:imageio-thumbsdb:3.7.0
|    +--- com.twelvemonkeys.imageio:imageio-core:3.7.0 (*)
|    +--- com.twelvemonkeys.common:common-lang:3.7.0
|    +--- com.twelvemonkeys.common:common-io:3.7.0 (*)
|    \--- com.twelvemonkeys.common:common-image:3.7.0 (*)
+--- com.twelvemonkeys.imageio:imageio-batik:3.7.0
|    +--- com.twelvemonkeys.imageio:imageio-core:3.7.0 (*)
|    +--- com.twelvemonkeys.common:common-lang:3.7.0
|    +--- com.twelvemonkeys.common:common-io:3.7.0 (*)
|    \--- com.twelvemonkeys.common:common-image:3.7.0 (*)
+--- com.twelvemonkeys.imageio:imageio-clippath:3.7.0
|    +--- com.twelvemonkeys.imageio:imageio-core:3.7.0 (*)
|    +--- com.twelvemonkeys.imageio:imageio-metadata:3.7.0 (*)
|    +--- com.twelvemonkeys.common:common-lang:3.7.0
|    +--- com.twelvemonkeys.common:common-io:3.7.0 (*)
|    \--- com.twelvemonkeys.common:common-image:3.7.0 (*)
+--- com.twelvemonkeys.servlet:servlet:3.7.0
|    +--- com.twelvemonkeys.common:common-lang:3.7.0
|    +--- com.twelvemonkeys.common:common-io:3.7.0 (*)
|    \--- com.twelvemonkeys.common:common-image:3.7.0 (*)
+--- com.github.ben-manes.caffeine:caffeine:2.9.2
|    +--- org.checkerframework:checker-qual:3.10.0
|    \--- com.google.errorprone:error_prone_annotations:2.5.1
+--- org.apache.pdfbox:pdfbox:2.0.1
|    \--- org.apache.pdfbox:fontbox:2.0.1
+--- org.bouncycastle:bcprov-jdk15on:1.56
+--- org.bouncycastle:bcpkix-jdk15on:1.56
|    \--- org.bouncycastle:bcprov-jdk15on:1.56
+--- org.hamcrest:hamcrest-all:1.3
+--- org.apache.felix:org.apache.felix.main:5.6.10
|    \--- org.apache.felix:org.apache.felix.framework:5.6.10
+--- org.glassfish.hk2:osgi-resource-locator:2.4.0
+--- org.apache.felix:org.apache.felix.http.proxy:3.0.2
+--- org.apache.felix:org.apache.felix.http.bundle:3.0.0
|    +--- org.apache.felix:org.apache.felix.http.bridge:2.3.2 -> 3.0.18
|    |    +--- org.apache.felix:org.apache.felix.http.api:3.0.0
|    |    \--- org.apache.felix:org.apache.felix.http.base:3.0.18
|    |         \--- com.google.code.findbugs:jsr305:3.0.0 -> 3.0.2
|    +--- org.apache.felix:org.apache.felix.http.cometd:2.3.2
|    |    +--- org.eclipse.jetty:jetty-util:8.1.14.v20131031 -> 9.2.6.v20141205
|    |    +--- org.cometd.java:cometd-java-server:2.8.0
|    |    |    +--- org.cometd.java:bayeux-api:2.8.0
|    |    |    +--- org.cometd.java:cometd-java-common:2.8.0
|    |    |    |    +--- org.cometd.java:bayeux-api:2.8.0
|    |    |    |    \--- org.eclipse.jetty:jetty-util:7.6.14.v20131031 -> 9.2.6.v20141205
|    |    |    \--- org.eclipse.jetty:jetty-util:7.6.14.v20131031 -> 9.2.6.v20141205
|    |    +--- org.cometd.java:cometd-java-client:2.8.0
|    |    |    +--- org.cometd.java:bayeux-api:2.8.0
|    |    |    +--- org.cometd.java:cometd-java-common:2.8.0 (*)
|    |    |    \--- org.eclipse.jetty:jetty-util:7.6.14.v20131031 -> 9.2.6.v20141205
|    |    +--- org.cometd.java:cometd-java-common:2.8.0 (*)
|    |    +--- org.cometd.java:bayeux-api:2.8.0
|    |    +--- org.apache.felix:org.apache.felix.http.base:2.3.2 -> 3.0.18 (*)
|    |    +--- org.eclipse.jetty:jetty-client:8.1.14.v20131031
|    |    |    \--- org.eclipse.jetty:jetty-http:8.1.14.v20131031 -> 9.2.6.v20141205
|    |    |         \--- org.eclipse.jetty:jetty-util:9.2.6.v20141205
|    |    +--- org.eclipse.jetty:jetty-continuation:8.1.14.v20131031
|    |    +--- org.eclipse.jetty:jetty-http:8.1.14.v20131031 -> 9.2.6.v20141205 (*)
|    |    +--- org.eclipse.jetty:jetty-io:8.1.14.v20131031 -> 9.2.6.v20141205
|    |    |    \--- org.eclipse.jetty:jetty-util:9.2.6.v20141205
|    |    \--- org.eclipse.jetty:jetty-jmx:8.1.14.v20131031 -> 9.2.6.v20141205
|    |         \--- org.eclipse.jetty:jetty-util:9.2.6.v20141205
|    +--- org.apache.felix:org.apache.felix.http.jetty:3.0.0
|    |    +--- org.eclipse.jetty:jetty-servlet:9.2.6.v20141205
|    |    |    \--- org.eclipse.jetty:jetty-security:9.2.6.v20141205
|    |    |         \--- org.eclipse.jetty:jetty-server:9.2.6.v20141205
|    |    |              +--- javax.servlet:javax.servlet-api:3.1.0
|    |    |              +--- org.eclipse.jetty:jetty-http:9.2.6.v20141205 (*)
|    |    |              \--- org.eclipse.jetty:jetty-io:9.2.6.v20141205 (*)
|    |    +--- org.eclipse.jetty:jetty-server:9.2.6.v20141205 (*)
|    |    +--- org.eclipse.jetty:jetty-util:9.2.6.v20141205
|    |    +--- org.eclipse.jetty:jetty-jmx:9.2.6.v20141205 (*)
|    |    +--- org.eclipse.jetty:jetty-security:9.2.6.v20141205 (*)
|    |    +--- org.eclipse.jetty:jetty-webapp:9.2.6.v20141205
|    |    |    +--- org.eclipse.jetty:jetty-xml:9.2.6.v20141205
|    |    |    |    \--- org.eclipse.jetty:jetty-util:9.2.6.v20141205
|    |    |    \--- org.eclipse.jetty:jetty-servlet:9.2.6.v20141205 (*)
|    |    +--- org.eclipse.jetty.websocket:websocket-servlet:9.2.6.v20141205
|    |    |    +--- org.eclipse.jetty.websocket:websocket-api:9.2.6.v20141205
|    |    |    \--- javax.servlet:javax.servlet-api:3.1.0
|    |    +--- org.eclipse.jetty.websocket:websocket-server:9.2.6.v20141205
|    |    |    +--- org.eclipse.jetty.websocket:websocket-common:9.2.6.v20141205
|    |    |    |    +--- org.eclipse.jetty.websocket:websocket-api:9.2.6.v20141205
|    |    |    |    +--- org.eclipse.jetty:jetty-util:9.2.6.v20141205
|    |    |    |    \--- org.eclipse.jetty:jetty-io:9.2.6.v20141205 (*)
|    |    |    +--- org.eclipse.jetty.websocket:websocket-client:9.2.6.v20141205
|    |    |    |    +--- org.eclipse.jetty:jetty-util:9.2.6.v20141205
|    |    |    |    +--- org.eclipse.jetty:jetty-io:9.2.6.v20141205 (*)
|    |    |    |    \--- org.eclipse.jetty.websocket:websocket-common:9.2.6.v20141205 (*)
|    |    |    +--- org.eclipse.jetty.websocket:websocket-servlet:9.2.6.v20141205 (*)
|    |    |    +--- org.eclipse.jetty:jetty-servlet:9.2.6.v20141205 (*)
|    |    |    \--- org.eclipse.jetty:jetty-http:9.2.6.v20141205 (*)
|    |    +--- org.apache.felix:org.apache.felix.http.api:2.3.2 -> 3.0.0
|    |    \--- org.apache.felix:org.apache.felix.http.base:2.4.0 -> 3.0.18 (*)
|    \--- org.apache.felix:org.apache.felix.http.whiteboard:2.3.2 -> 3.0.0
+--- org.apache.felix:org.apache.felix.http.bridge:3.0.18 (*)
+--- org.apache.felix:org.apache.felix.http.api:3.0.0
+--- org.apache.felix:org.apache.felix.http.base:3.0.18 (*)
+--- org.apache.felix:org.apache.felix.http.whiteboard:3.0.0
+--- org.apache.felix:org.apache.felix.http.servlet-api:1.1.2
|    \--- org.apache.tomcat:tomcat-servlet-api:8.0.9
+--- org.apache.httpcomponents:httpclient:4.5.2 -> 4.5.10 (*)
+--- org.apache.xmlgraphics:batik-transcoder:1.14
+--- org.apache.xmlgraphics:batik-dom:1.14
+--- org.apache.xmlgraphics:batik-xml:1.14
+--- org.apache.xmlgraphics:batik-svg-dom:1.14
+--- org.apache.xmlgraphics:batik-bridge:1.14
+--- org.apache.xmlgraphics:batik-css:1.14
+--- org.apache.xmlgraphics:batik-gvt:1.14
+--- org.apache.xmlgraphics:batik-util:1.14
+--- org.apache.xmlgraphics:batik-anim:1.14
+--- org.apache.xmlgraphics:batik-i18n:1.14
+--- org.apache.xmlgraphics:batik-constants:1.14
+--- org.apache.xmlgraphics:batik-ext:1.14
+--- org.apache.xmlgraphics:batik-parser:1.14
+--- org.apache.xmlgraphics:batik-script:1.14
+--- org.apache.xmlgraphics:batik-awt-util:1.14
+--- org.apache.xmlgraphics:xmlgraphics-commons:1.5
+--- org.apache.xmlgraphics:batik-codec:1.10
+--- xml-apis:xml-apis-ext:1.3.04
+--- javax.websocket:javax.websocket-api:1.1
+--- org.aspectj:aspectjrt:1.9.2
+--- io.bit3:jsass:5.10.3
|    +--- org.apache.commons:commons-lang3:3.9 -> 3.12.0
|    +--- commons-io:commons-io:2.6
|    +--- org.apache.commons:commons-text:1.8
|    |    \--- org.apache.commons:commons-lang3:3.9 -> 3.12.0
|    +--- org.slf4j:slf4j-api:1.7.28 -> 1.7.35
|    \--- org.sharegov:mjson:1.4.1
|         \--- junit:junit:4.12 -> 4.13.2 (*)
+--- net.javacrumbs.shedlock:shedlock-core:4.33.0
|    \--- org.slf4j:slf4j-api:1.7.35
+--- net.javacrumbs.shedlock:shedlock-provider-jdbc:4.33.0
|    +--- net.javacrumbs.shedlock:shedlock-provider-jdbc-internal:4.33.0
|    |    +--- net.javacrumbs.shedlock:shedlock-core:4.33.0 (*)
|    |    \--- org.slf4j:slf4j-api:1.7.35
|    \--- org.slf4j:slf4j-api:1.7.35
+--- com.graphql-java-kickstart:graphql-java-servlet:9.1.0
|    +--- javax.servlet:javax.servlet-api:3.1.0
|    +--- javax.websocket:javax.websocket-api:1.1
|    \--- com.graphql-java-kickstart:graphql-java-kickstart:9.1.0
|         \--- com.graphql-java:graphql-java:13.0
|              +--- org.antlr:antlr4-runtime:4.7.2
|              +--- org.slf4j:slf4j-api:1.7.25 -> 1.7.35
|              +--- com.graphql-java:java-dataloader:2.1.1
|              \--- org.reactivestreams:reactive-streams:1.0.2 -> 1.0.3
+--- com.graphql-java:graphql-java-extended-scalars:1.0.1
|    +--- com.graphql-java:graphql-java:10.0 -> 13.0 (*)
|    \--- com.squareup.okhttp3:okhttp:3.2.0
|         \--- com.squareup.okio:okio:1.6.0
+--- net.jodah:failsafe:1.1.1
+--- com.rainerhahnekamp:sneakythrow:1.1.0
+--- org.elasticsearch.client:elasticsearch-rest-high-level-client:7.10.2
|    +--- org.elasticsearch:elasticsearch:7.10.2
|    |    +--- org.elasticsearch:elasticsearch-core:7.10.2
|    |    +--- org.elasticsearch:elasticsearch-secure-sm:7.10.2
|    |    +--- org.elasticsearch:elasticsearch-x-content:7.10.2
|    |    |    +--- org.elasticsearch:elasticsearch-core:7.10.2
|    |    |    +--- org.yaml:snakeyaml:1.26 -> 1.30
|    |    |    +--- com.fasterxml.jackson.dataformat:jackson-dataformat-smile:2.10.4 -> 2.13.2
|    |    |    +--- com.fasterxml.jackson.dataformat:jackson-dataformat-yaml:2.10.4 -> 2.13.2 (*)
|    |    |    \--- com.fasterxml.jackson.dataformat:jackson-dataformat-cbor:2.10.4 -> 2.13.2
|    |    |         +--- com.fasterxml.jackson.core:jackson-databind:2.13.2 -> 2.13.2.2 (*)
|    |    |         +--- com.fasterxml.jackson.core:jackson-core:2.13.2 (*)
|    |    |         \--- com.fasterxml.jackson:jackson-bom:2.13.2 (*)
|    |    +--- org.elasticsearch:elasticsearch-geo:7.10.2
|    |    +--- org.apache.lucene:lucene-core:8.7.0
|    |    +--- org.apache.lucene:lucene-analyzers-common:8.7.0
|    |    +--- org.apache.lucene:lucene-backward-codecs:8.7.0
|    |    +--- org.apache.lucene:lucene-grouping:8.7.0
|    |    +--- org.apache.lucene:lucene-highlighter:8.7.0
|    |    +--- org.apache.lucene:lucene-join:8.7.0
|    |    +--- org.apache.lucene:lucene-memory:8.7.0
|    |    +--- org.apache.lucene:lucene-misc:8.7.0
|    |    +--- org.apache.lucene:lucene-queries:8.7.0
|    |    +--- org.apache.lucene:lucene-queryparser:8.7.0
|    |    +--- org.apache.lucene:lucene-sandbox:8.7.0
|    |    +--- org.apache.lucene:lucene-spatial-extras:8.7.0
|    |    +--- org.apache.lucene:lucene-spatial3d:8.7.0
|    |    +--- org.apache.lucene:lucene-suggest:8.7.0
|    |    +--- org.elasticsearch:elasticsearch-cli:7.10.2
|    |    |    +--- net.sf.jopt-simple:jopt-simple:5.0.2
|    |    |    \--- org.elasticsearch:elasticsearch-core:7.10.2
|    |    +--- com.carrotsearch:hppc:0.8.1
|    |    +--- joda-time:joda-time:2.10.4
|    |    +--- com.tdunning:t-digest:3.2
|    |    +--- org.hdrhistogram:HdrHistogram:2.1.9
|    |    \--- org.elasticsearch:jna:5.5.0
|    +--- org.elasticsearch.client:elasticsearch-rest-client:7.10.2
|    |    +--- org.apache.httpcomponents:httpclient:4.5.10 (*)
|    |    +--- org.apache.httpcomponents:httpcore:4.4.12
|    |    +--- org.apache.httpcomponents:httpasyncclient:4.1.4
|    |    +--- org.apache.httpcomponents:httpcore-nio:4.4.12
|    |    +--- commons-codec:commons-codec:1.11
|    |    \--- commons-logging:commons-logging:1.1.3 -> 1.2
|    +--- org.elasticsearch.plugin:mapper-extras-client:7.10.2
|    +--- org.elasticsearch.plugin:parent-join-client:7.10.2
|    +--- org.elasticsearch.plugin:aggs-matrix-stats-client:7.10.2
|    +--- org.elasticsearch.plugin:rank-eval-client:7.10.2
|    \--- org.elasticsearch.plugin:lang-mustache-client:7.10.2
|         \--- com.github.spullara.mustache.java:compiler:0.9.6
+--- com.jayway.jsonpath:json-path:2.4.0
|    +--- net.minidev:json-smart:2.3
|    |    \--- net.minidev:accessors-smart:1.2
|    |         \--- org.ow2.asm:asm:5.0.4
|    \--- org.slf4j:slf4j-api:1.7.25 -> 1.7.35
+--- jakarta.xml.bind:jakarta.xml.bind-api:2.3.3 (*)
+--- com.sun.xml.ws:jaxws-ri:2.3.2
|    +--- jakarta.annotation:jakarta.annotation-api:1.3.4
|    +--- com.sun.xml.ws:jaxws-rt:2.3.2
|    |    +--- jakarta.xml.bind:jakarta.xml.bind-api:2.3.2 -> 2.3.3 (*)
|    |    +--- jakarta.xml.ws:jakarta.xml.ws-api:2.3.2
|    |    |    +--- jakarta.xml.bind:jakarta.xml.bind-api:2.3.2 -> 2.3.3 (*)
|    |    |    +--- jakarta.xml.soap:jakarta.xml.soap-api:1.4.1
|    |    |    +--- jakarta.annotation:jakarta.annotation-api:1.3.4
|    |    |    \--- jakarta.jws:jakarta.jws-api:1.1.1
|    |    +--- jakarta.xml.soap:jakarta.xml.soap-api:1.4.1
|    |    +--- jakarta.annotation:jakarta.annotation-api:1.3.4
|    |    +--- jakarta.jws:jakarta.jws-api:1.1.1
|    |    +--- org.glassfish.jaxb:jaxb-runtime:2.3.2
|    |    |    +--- jakarta.xml.bind:jakarta.xml.bind-api:2.3.2 -> 2.3.3 (*)
|    |    |    +--- org.glassfish.jaxb:txw2:2.3.2
|    |    |    +--- com.sun.istack:istack-commons-runtime:3.0.8
|    |    |    |    \--- jakarta.activation:jakarta.activation-api:1.2.1 -> 1.2.2
|    |    |    +--- org.jvnet.staxex:stax-ex:1.8.1
|    |    |    |    +--- jakarta.activation:jakarta.activation-api:1.2.1 -> 1.2.2
|    |    |    |    \--- jakarta.xml.bind:jakarta.xml.bind-api:2.3.2 -> 2.3.3 (*)
|    |    |    +--- com.sun.xml.fastinfoset:FastInfoset:1.2.16
|    |    |    \--- jakarta.activation:jakarta.activation-api:1.2.1 -> 1.2.2
|    |    +--- com.sun.xml.ws:policy:2.7.6
|    |    +--- org.glassfish.gmbal:gmbal:4.0.0
|    |    |    +--- org.glassfish.external:management-api:3.2.1
|    |    |    +--- org.glassfish.pfl:pfl-basic:4.0.1
|    |    |    +--- org.glassfish.pfl:pfl-tf:4.0.1
|    |    |    |    +--- org.glassfish.pfl:pfl-asm:4.0.1
|    |    |    |    \--- org.glassfish.pfl:pfl-dynamic:4.0.1
|    |    |    |         +--- org.glassfish.pfl:pfl-asm:4.0.1
|    |    |    |         \--- org.glassfish.pfl:pfl-basic:4.0.1
|    |    |    +--- org.glassfish.pfl:pfl-basic-tools:4.0.1
|    |    |    |    \--- org.glassfish.pfl:pfl-basic:4.0.1
|    |    |    \--- org.glassfish.pfl:pfl-tf-tools:4.0.1
|    |    |         +--- org.glassfish.pfl:pfl-basic-tools:4.0.1 (*)
|    |    |         +--- org.glassfish.pfl:pfl-tf:4.0.1 (*)
|    |    |         \--- org.glassfish.pfl:pfl-asm:4.0.1
|    |    +--- org.jvnet.staxex:stax-ex:1.8.1 (*)
|    |    +--- com.sun.xml.stream.buffer:streambuffer:1.5.7
|    |    |    \--- org.jvnet.staxex:stax-ex:1.8.1 (*)
|    |    +--- org.jvnet.mimepull:mimepull:1.9.11
|    |    +--- com.sun.xml.fastinfoset:FastInfoset:1.2.16
|    |    +--- org.glassfish.ha:ha-api:3.1.12
|    |    +--- com.sun.xml.messaging.saaj:saaj-impl:1.5.1
|    |    |    +--- jakarta.xml.bind:jakarta.xml.bind-api:2.3.2 -> 2.3.3 (*)
|    |    |    +--- jakarta.activation:jakarta.activation-api:1.2.1 -> 1.2.2
|    |    |    +--- jakarta.xml.soap:jakarta.xml.soap-api:1.4.1
|    |    |    +--- org.jvnet.mimepull:mimepull:1.9.11
|    |    |    \--- org.jvnet.staxex:stax-ex:1.8.1 (*)
|    |    +--- com.fasterxml.woodstox:woodstox-core:5.1.0
|    |    |    \--- org.codehaus.woodstox:stax2-api:4.1
|    |    +--- org.codehaus.woodstox:stax2-api:4.1
|    |    \--- jakarta.activation:jakarta.activation-api:1.2.1 -> 1.2.2
|    +--- com.sun.xml.ws:jaxws-tools:2.3.2
|    |    +--- com.sun.xml.ws:jaxws-rt:2.3.2 (*)
|    |    +--- com.sun.xml.bind:jaxb-xjc:2.3.2
|    |    +--- com.sun.xml.bind:jaxb-jxc:2.3.2
|    |    +--- jakarta.xml.ws:jakarta.xml.ws-api:2.3.2 (*)
|    |    +--- jakarta.xml.bind:jakarta.xml.bind-api:2.3.2 -> 2.3.3 (*)
|    |    +--- jakarta.xml.soap:jakarta.xml.soap-api:1.4.1
|    |    +--- jakarta.jws:jakarta.jws-api:1.1.1
|    |    \--- jakarta.annotation:jakarta.annotation-api:1.3.4
|    +--- com.sun.xml.ws:jaxws-eclipselink-plugin:2.3.2
|    |    +--- jakarta.mail:jakarta.mail-api:1.6.3
|    |    +--- jakarta.persistence:jakarta.persistence-api:2.2.2
|    |    +--- org.eclipse.persistence:org.eclipse.persistence.moxy:2.7.4
|    |    |    \--- org.eclipse.persistence:org.eclipse.persistence.core:2.7.4
|    |    |         \--- org.eclipse.persistence:org.eclipse.persistence.asm:2.7.4
|    |    +--- org.jvnet.staxex:stax-ex:1.8.1 (*)
|    |    +--- com.sun.xml.ws:jaxws-rt:2.3.2 (*)
|    |    +--- jakarta.xml.ws:jakarta.xml.ws-api:2.3.2 (*)
|    |    +--- jakarta.xml.bind:jakarta.xml.bind-api:2.3.2 -> 2.3.3 (*)
|    |    +--- jakarta.xml.soap:jakarta.xml.soap-api:1.4.1
|    |    +--- jakarta.jws:jakarta.jws-api:1.1.1
|    |    \--- jakarta.annotation:jakarta.annotation-api:1.3.4
|    +--- com.sun.xml.ws:sdo-eclipselink-plugin:2.3.2
|    |    +--- org.eclipse.persistence:org.eclipse.persistence.sdo:2.7.4
|    |    |    +--- org.eclipse.persistence:commonj.sdo:2.1.1
|    |    |    +--- org.eclipse.persistence:org.eclipse.persistence.moxy:2.7.4 (*)
|    |    |    \--- org.eclipse.persistence:org.eclipse.persistence.core:2.7.4 (*)
|    |    +--- org.eclipse.persistence:commonj.sdo:2.1.1
|    |    +--- com.sun.xml.ws:jaxws-rt:2.3.2 (*)
|    |    +--- jakarta.xml.ws:jakarta.xml.ws-api:2.3.2 (*)
|    |    +--- jakarta.xml.bind:jakarta.xml.bind-api:2.3.2 -> 2.3.3 (*)
|    |    +--- jakarta.xml.soap:jakarta.xml.soap-api:1.4.1
|    |    +--- jakarta.jws:jakarta.jws-api:1.1.1
|    |    \--- jakarta.annotation:jakarta.annotation-api:1.3.4
|    +--- com.sun.xml.ws:release-documentation:2.3.2
|    |    +--- jakarta.xml.ws:jakarta.xml.ws-api:2.3.2 (*)
|    |    +--- jakarta.xml.bind:jakarta.xml.bind-api:2.3.2 -> 2.3.3 (*)
|    |    +--- jakarta.xml.soap:jakarta.xml.soap-api:1.4.1
|    |    +--- jakarta.jws:jakarta.jws-api:1.1.1
|    |    \--- jakarta.annotation:jakarta.annotation-api:1.3.4
|    +--- com.sun.xml.ws:samples:2.3.2
|    |    +--- jakarta.xml.ws:jakarta.xml.ws-api:2.3.2 (*)
|    |    +--- jakarta.xml.bind:jakarta.xml.bind-api:2.3.2 -> 2.3.3 (*)
|    |    +--- jakarta.xml.soap:jakarta.xml.soap-api:1.4.1
|    |    +--- jakarta.jws:jakarta.jws-api:1.1.1
|    |    \--- jakarta.annotation:jakarta.annotation-api:1.3.4
|    +--- jakarta.xml.ws:jakarta.xml.ws-api:2.3.2 (*)
|    +--- jakarta.xml.bind:jakarta.xml.bind-api:2.3.2 -> 2.3.3 (*)
|    +--- jakarta.xml.soap:jakarta.xml.soap-api:1.4.1
|    \--- jakarta.jws:jakarta.jws-api:1.1.1
+--- com.impossibl.pgjdbc-ng:pgjdbc-ng:0.8.7
|    +--- com.impossibl.pgjdbc-ng:spy:0.8.7
|    +--- io.netty:netty-common:4.1.53.Final -> 4.1.63.Final
|    +--- io.netty:netty-buffer:4.1.53.Final -> 4.1.63.Final (*)
|    +--- io.netty:netty-transport:4.1.53.Final -> 4.1.63.Final (*)
|    +--- io.netty:netty-codec:4.1.53.Final -> 4.1.63.Final (*)
|    +--- io.netty:netty-handler:4.1.53.Final -> 4.1.63.Final (*)
|    +--- io.netty:netty-transport-native-unix-common:4.1.53.Final
|    |    +--- io.netty:netty-common:4.1.53.Final -> 4.1.63.Final
|    |    +--- io.netty:netty-buffer:4.1.53.Final -> 4.1.63.Final (*)
|    |    \--- io.netty:netty-transport:4.1.53.Final -> 4.1.63.Final (*)
|    +--- io.netty:netty-transport-native-kqueue:4.1.53.Final
|    |    +--- io.netty:netty-common:4.1.53.Final -> 4.1.63.Final
|    |    +--- io.netty:netty-buffer:4.1.53.Final -> 4.1.63.Final (*)
|    |    +--- io.netty:netty-transport:4.1.53.Final -> 4.1.63.Final (*)
|    |    \--- io.netty:netty-transport-native-unix-common:4.1.53.Final (*)
|    \--- io.netty:netty-transport-native-epoll:4.1.53.Final
|         +--- io.netty:netty-common:4.1.53.Final -> 4.1.63.Final
|         +--- io.netty:netty-buffer:4.1.53.Final -> 4.1.63.Final (*)
|         +--- io.netty:netty-transport:4.1.53.Final -> 4.1.63.Final (*)
|         \--- io.netty:netty-transport-native-unix-common:4.1.53.Final (*)
+--- com.amazonaws:aws-java-sdk-rekognition:1.11.839
|    +--- com.amazonaws:aws-java-sdk-core:1.11.839
|    |    +--- commons-logging:commons-logging:1.1.3 -> 1.2
|    |    +--- org.apache.httpcomponents:httpclient:4.5.9 -> 4.5.10 (*)
|    |    +--- software.amazon.ion:ion-java:1.0.2
|    |    +--- com.fasterxml.jackson.core:jackson-databind:2.6.7.3 -> 2.13.2.2 (*)
|    |    +--- com.fasterxml.jackson.dataformat:jackson-dataformat-cbor:2.6.7 -> 2.13.2 (*)
|    |    \--- joda-time:joda-time:2.8.1 -> 2.10.4
|    \--- com.amazonaws:jmespath-java:1.11.839
|         \--- com.fasterxml.jackson.core:jackson-databind:2.6.7.3 -> 2.13.2.2 (*)
+--- org.mockito:mockito-core:2.+ -> 3.3.3
|    +--- net.bytebuddy:byte-buddy:1.10.5 -> 1.12.6
|    +--- net.bytebuddy:byte-buddy-agent:1.10.5 -> 1.12.6
|    \--- org.objenesis:objenesis:2.6 -> 3.0.1
+--- com.tngtech.junit.dataprovider:junit4-dataprovider:2.6
|    +--- com.tngtech.junit.dataprovider:junit-dataprovider-core:2.6
|    |    \--- com.github.spotbugs:spotbugs-annotations:3.1.5
|    |         \--- com.google.code.findbugs:jsr305:3.0.2
|    \--- com.github.spotbugs:spotbugs-annotations:3.1.5 (*)
+--- org.powermock:powermock-api-mockito2:2.0.9
|    +--- org.powermock:powermock-api-support:2.0.9
|    |    +--- org.powermock:powermock-reflect:2.0.9
|    |    |    +--- org.objenesis:objenesis:3.0.1
|    |    |    +--- net.bytebuddy:byte-buddy:1.10.14 -> 1.12.6
|    |    |    \--- net.bytebuddy:byte-buddy-agent:1.10.14 -> 1.12.6
|    |    \--- org.powermock:powermock-core:2.0.9
|    |         +--- org.powermock:powermock-reflect:2.0.9 (*)
|    |         +--- org.javassist:javassist:3.27.0-GA
|    |         +--- net.bytebuddy:byte-buddy:1.10.14 -> 1.12.6
|    |         \--- net.bytebuddy:byte-buddy-agent:1.10.14 -> 1.12.6
|    \--- org.mockito:mockito-core:3.3.3 (*)
+--- org.powermock:powermock-module-junit4:2.0.9
|    +--- org.powermock:powermock-module-junit4-common:2.0.9
|    |    +--- org.powermock:powermock-reflect:2.0.9 (*)
|    |    +--- org.powermock:powermock-core:2.0.9 (*)
|    |    +--- junit:junit:4.12 -> 4.13.2 (*)
|    |    \--- org.hamcrest:hamcrest-core:1.3
|    +--- junit:junit:4.12 -> 4.13.2 (*)
|    \--- org.hamcrest:hamcrest-core:1.3
+--- com.google.guava:guava:19.0 -> 27.0.1-android (*)
\--- org.apache.tomcat:tomcat-jdbc:9.0.41
     \--- org.apache.tomcat:tomcat-juli:9.0.41

(c) - dependency constraint
(*) - dependencies omitted (listed previously)

A web-based, searchable dependency report is available by adding the --scan option.
