dotcmsFields.loadBundle('/**:bundle-id:**/', ['exports', './chunk-35cb6fec.js', './chunk-42b2163a.js', './chunk-01704cfd.js'], function (exports, __chunk_1, __chunk_2, __chunk_3) {
    var h = window.dotcmsFields.h;
    var DotSelectComponent = /** @class */ (function () {
        function DotSelectComponent() {
            this.disabled = false;
            this.name = '';
            this.label = '';
            this.hint = '';
            this.options = '';
            this.required = false;
            this.requiredMessage = "This field is required";
            this.value = '';
            this._dotTouched = false;
            this._dotPristine = true;
        }
        DotSelectComponent.prototype.componentWillLoad = function () {
            this.validateProps();
            this.emitInitialValue();
            this.status = __chunk_2.getOriginalStatus(this.isValid());
            this.emitStatusChange();
        };
        DotSelectComponent.prototype.optionsWatch = function () {
            var validOptions = __chunk_2.checkProp(this, 'options');
            this._options = __chunk_2.getDotOptionsFromFieldValue(validOptions);
        };
        DotSelectComponent.prototype.hostData = function () {
            return {
                class: __chunk_2.getClassNames(this.status, this.isValid(), this.required)
            };
        };
        DotSelectComponent.prototype.reset = function () {
            this.value = '';
            this.status = __chunk_2.getOriginalStatus(this.isValid());
            this.emitInitialValue();
            this.emitStatusChange();
        };
        DotSelectComponent.prototype.componentDidLoad = function () {
            var _this = this;
            var htmlElement = this.el.querySelector('select');
            setTimeout(function () {
                var attrs = __chunk_3.getDotAttributesFromElement(Array.from(_this.el.attributes), []);
                __chunk_3.setDotAttributesToElement(htmlElement, attrs);
            }, 0);
        };
        DotSelectComponent.prototype.render = function () {
            var _this = this;
            return (h(__chunk_1.Fragment, null, h("dot-label", { label: this.label, required: this.required, name: this.name }, h("select", { "aria-describedby": __chunk_2.getHintId(this.hint), class: __chunk_2.getErrorClass(this.status.dotValid), id: __chunk_2.getId(this.name), disabled: this.shouldBeDisabled(), onChange: function (event) { return _this.setValue(event); } }, this._options.map(function (item) {
                return (h("option", { selected: _this.value === item.value ? true : null, value: item.value }, item.label));
            }))), __chunk_2.getTagHint(this.hint), __chunk_2.getTagError(!this.isValid(), this.requiredMessage)));
        };
        DotSelectComponent.prototype.validateProps = function () {
            this.optionsWatch();
        };
        DotSelectComponent.prototype.shouldBeDisabled = function () {
            return this.disabled ? true : null;
        };
        DotSelectComponent.prototype.setValue = function (event) {
            this.value = event.target.value;
            this.status = __chunk_2.updateStatus(this.status, {
                dotTouched: true,
                dotPristine: false,
                dotValid: this.isValid()
            });
            this.emitValueChange();
            this.emitStatusChange();
        };
        DotSelectComponent.prototype.emitInitialValue = function () {
            if (!this.value) {
                this.value = this._options.length ? this._options[0].value : '';
                this.emitValueChange();
            }
        };
        DotSelectComponent.prototype.emitStatusChange = function () {
            this.statusChange.emit({
                name: this.name,
                status: this.status
            });
        };
        DotSelectComponent.prototype.isValid = function () {
            return this.required ? !!this.value : true;
        };
        DotSelectComponent.prototype.emitValueChange = function () {
            this.valueChange.emit({
                name: this.name,
                value: this.value
            });
        };
        Object.defineProperty(DotSelectComponent, "is", {
            get: function () { return "dot-select"; },
            enumerable: true,
            configurable: true
        });
        Object.defineProperty(DotSelectComponent, "properties", {
            get: function () {
                return {
                    "_options": {
                        "state": true
                    },
                    "disabled": {
                        "type": Boolean,
                        "attr": "disabled",
                        "reflectToAttr": true
                    },
                    "el": {
                        "elementRef": true
                    },
                    "hint": {
                        "type": String,
                        "attr": "hint",
                        "reflectToAttr": true
                    },
                    "label": {
                        "type": String,
                        "attr": "label",
                        "reflectToAttr": true
                    },
                    "name": {
                        "type": String,
                        "attr": "name",
                        "reflectToAttr": true
                    },
                    "options": {
                        "type": String,
                        "attr": "options",
                        "reflectToAttr": true,
                        "watchCallbacks": ["optionsWatch"]
                    },
                    "required": {
                        "type": Boolean,
                        "attr": "required",
                        "reflectToAttr": true
                    },
                    "requiredMessage": {
                        "type": String,
                        "attr": "required-message",
                        "reflectToAttr": true
                    },
                    "reset": {
                        "method": true
                    },
                    "status": {
                        "state": true
                    },
                    "value": {
                        "type": String,
                        "attr": "value",
                        "reflectToAttr": true,
                        "mutable": true
                    }
                };
            },
            enumerable: true,
            configurable: true
        });
        Object.defineProperty(DotSelectComponent, "events", {
            get: function () {
                return [{
                        "name": "valueChange",
                        "method": "valueChange",
                        "bubbles": true,
                        "cancelable": true,
                        "composed": true
                    }, {
                        "name": "statusChange",
                        "method": "statusChange",
                        "bubbles": true,
                        "cancelable": true,
                        "composed": true
                    }];
            },
            enumerable: true,
            configurable: true
        });
        Object.defineProperty(DotSelectComponent, "style", {
            get: function () { return "/**style-placeholder:dot-select:**/"; },
            enumerable: true,
            configurable: true
        });
        return DotSelectComponent;
    }());
    exports.DotSelect = DotSelectComponent;
    Object.defineProperty(exports, '__esModule', { value: true });
});
