import { h } from '../dotcmsfields.core.js';
import { a as Fragment } from './chunk-1d89c98b.js';
import { a as getOriginalStatus, b as checkProp, n as getDotOptionsFromFieldValue, c as getClassNames, h as getHintId, i as getErrorClass, k as getId, d as getTagHint, e as getTagError, f as updateStatus } from './chunk-62cd3eff.js';
import { a as getDotAttributesFromElement, b as setDotAttributesToElement } from './chunk-4205a04e.js';
var DotRadioComponent = /** @class */ (function () {
    function DotRadioComponent() {
        this.value = '';
        this.name = '';
        this.label = '';
        this.hint = '';
        this.required = false;
        this.disabled = false;
        this.requiredMessage = '';
        this.options = '';
    }
    DotRadioComponent.prototype.reset = function () {
        this.value = '';
        this.status = getOriginalStatus(this.isValid());
        this.emitStatusChange();
        this.emitValueChange();
    };
    DotRadioComponent.prototype.componentWillLoad = function () {
        this.value = this.value || '';
        this.validateProps();
        this.status = getOriginalStatus(this.isValid());
        this.emitStatusChange();
    };
    DotRadioComponent.prototype.componentDidLoad = function () {
        var _this = this;
        var attrException = ['dottype'];
        var htmlElements = this.el.querySelectorAll('input[type="radio"]');
        setTimeout(function () {
            var attrs = getDotAttributesFromElement(Array.from(_this.el.attributes), attrException);
            htmlElements.forEach(function (htmlElement) {
                setDotAttributesToElement(htmlElement, attrs);
            });
        }, 0);
    };
    DotRadioComponent.prototype.optionsWatch = function () {
        var validOptions = checkProp(this, 'options');
        this._options = getDotOptionsFromFieldValue(validOptions);
    };
    DotRadioComponent.prototype.valueWatch = function () {
        this.value = this.value || '';
    };
    DotRadioComponent.prototype.hostData = function () {
        return {
            class: getClassNames(this.status, this.isValid(), this.required)
        };
    };
    DotRadioComponent.prototype.render = function () {
        var _this = this;
        return (h(Fragment, null, h("dot-label", { label: this.label, required: this.required, name: this.name }, h("div", { class: "dot-radio__items", "aria-describedby": getHintId(this.hint), tabIndex: this.hint ? 0 : null, role: "radiogroup" }, this._options.map(function (item) {
            item.value = item.value.trim();
            return (h("label", null, h("input", { checked: _this.value.indexOf(item.value) >= 0 || null, class: getErrorClass(_this.isValid()), name: getId(_this.name), disabled: _this.disabled || null, onInput: function (event) { return _this.setValue(event); }, type: "radio", value: item.value }), item.label));
        }))), getTagHint(this.hint), getTagError(this.showErrorMessage(), this.getErrorMessage())));
    };
    DotRadioComponent.prototype.validateProps = function () {
        this.optionsWatch();
    };
    DotRadioComponent.prototype.isValid = function () {
        return this.required ? !!this.value : true;
    };
    DotRadioComponent.prototype.showErrorMessage = function () {
        return this.getErrorMessage() && !this.status.dotPristine;
    };
    DotRadioComponent.prototype.getErrorMessage = function () {
        return this.isValid() ? '' : this.requiredMessage;
    };
    DotRadioComponent.prototype.setValue = function (event) {
        this.value = event.target.value.trim();
        this.status = updateStatus(this.status, {
            dotTouched: true,
            dotPristine: false,
            dotValid: this.isValid()
        });
        this.emitValueChange();
        this.emitStatusChange();
    };
    DotRadioComponent.prototype.emitStatusChange = function () {
        this.statusChange.emit({
            name: this.name,
            status: this.status
        });
    };
    DotRadioComponent.prototype.emitValueChange = function () {
        this.valueChange.emit({
            name: this.name,
            value: this.value
        });
    };
    Object.defineProperty(DotRadioComponent, "is", {
        get: function () { return "dot-radio"; },
        enumerable: true,
        configurable: true
    });
    Object.defineProperty(DotRadioComponent, "properties", {
        get: function () {
            return {
                "_options": {
                    "state": true
                },
                "disabled": {
                    "type": Boolean,
                    "attr": "disabled",
                    "reflectToAttr": true,
                    "mutable": true
                },
                "el": {
                    "elementRef": true
                },
                "hint": {
                    "type": String,
                    "attr": "hint",
                    "reflectToAttr": true
                },
                "label": {
                    "type": String,
                    "attr": "label",
                    "reflectToAttr": true
                },
                "name": {
                    "type": String,
                    "attr": "name",
                    "reflectToAttr": true
                },
                "options": {
                    "type": String,
                    "attr": "options",
                    "reflectToAttr": true,
                    "watchCallbacks": ["optionsWatch"]
                },
                "required": {
                    "type": Boolean,
                    "attr": "required",
                    "reflectToAttr": true
                },
                "requiredMessage": {
                    "type": String,
                    "attr": "required-message",
                    "reflectToAttr": true
                },
                "reset": {
                    "method": true
                },
                "status": {
                    "state": true
                },
                "value": {
                    "type": String,
                    "attr": "value",
                    "reflectToAttr": true,
                    "mutable": true,
                    "watchCallbacks": ["valueWatch"]
                }
            };
        },
        enumerable: true,
        configurable: true
    });
    Object.defineProperty(DotRadioComponent, "events", {
        get: function () {
            return [{
                    "name": "valueChange",
                    "method": "valueChange",
                    "bubbles": true,
                    "cancelable": true,
                    "composed": true
                }, {
                    "name": "statusChange",
                    "method": "statusChange",
                    "bubbles": true,
                    "cancelable": true,
                    "composed": true
                }];
        },
        enumerable: true,
        configurable: true
    });
    Object.defineProperty(DotRadioComponent, "style", {
        get: function () { return "/**style-placeholder:dot-radio:**/"; },
        enumerable: true,
        configurable: true
    });
    return DotRadioComponent;
}());
export { DotRadioComponent as DotRadio };
