import { h } from '../dotcmsfields.core.js';
import './chunk-62cd3eff.js';
import { g as shouldShowField, h as fieldMap } from './chunk-4205a04e.js';
var DotFormColumnComponent = /** @class */ (function () {
    function DotFormColumnComponent() {
    }
    DotFormColumnComponent.prototype.render = function () {
        var _this = this;
        return this.column.fields.map(function (field) { return _this.getField(field); });
    };
    DotFormColumnComponent.prototype.getField = function (field) {
        return shouldShowField(field, this.fieldsToShow) ? this.getFieldTag(field) : '';
    };
    DotFormColumnComponent.prototype.getFieldTag = function (field) {
        return fieldMap[field.fieldType] ? fieldMap[field.fieldType](field) : '';
    };
    Object.defineProperty(DotFormColumnComponent, "is", {
        get: function () { return "dot-form-column"; },
        enumerable: true,
        configurable: true
    });
    Object.defineProperty(DotFormColumnComponent, "properties", {
        get: function () {
            return {
                "column": {
                    "type": "Any",
                    "attr": "column"
                },
                "fieldsToShow": {
                    "type": String,
                    "attr": "fields-to-show",
                    "reflectToAttr": true
                }
            };
        },
        enumerable: true,
        configurable: true
    });
    Object.defineProperty(DotFormColumnComponent, "style", {
        get: function () { return "/**style-placeholder:dot-form-column:**/"; },
        enumerable: true,
        configurable: true
    });
    return DotFormColumnComponent;
}());
var DotFormRowComponent = /** @class */ (function () {
    function DotFormRowComponent() {
    }
    DotFormRowComponent.prototype.render = function () {
        var _this = this;
        return this.row.columns.map(function (fieldColumn) {
            return h("dot-form-column", { column: fieldColumn, "fields-to-show": _this.fieldsToShow });
        });
    };
    Object.defineProperty(DotFormRowComponent, "is", {
        get: function () { return "dot-form-row"; },
        enumerable: true,
        configurable: true
    });
    Object.defineProperty(DotFormRowComponent, "properties", {
        get: function () {
            return {
                "fieldsToShow": {
                    "type": String,
                    "attr": "fields-to-show",
                    "reflectToAttr": true
                },
                "row": {
                    "type": "Any",
                    "attr": "row"
                }
            };
        },
        enumerable: true,
        configurable: true
    });
    Object.defineProperty(DotFormRowComponent, "style", {
        get: function () { return "/**style-placeholder:dot-form-row:**/"; },
        enumerable: true,
        configurable: true
    });
    return DotFormRowComponent;
}());
export { DotFormColumnComponent as DotFormColumn, DotFormRowComponent as DotFormRow };
